remote: error: GH013: Repository rule violations found for refs/heads/main.        
remote: 
remote: - GITHUB PUSH PROTECTION        
remote:   풉칂칬풉칂칬풉칂칬풉칂칬풉칂칬풉칂칬풉칂칬풉칂칬풉칂칬풉칂칬풉칂칬풉칂칬풉칂칬풉칂칬풉칂칬풉칂칬풉칂칬풉칂칬풉칂칬풉칂칬풉칂칬풉칂칬풉칂칬풉칂칬풉칂칬풉칂칬풉칂칬풉칂칬풉칂칬풉칂칬풉칂칬풉칂칬풉칂칬풉칂칬풉칂칬풉칂칬풉칂칬풉칂칬풉칂칬풉칂칬풉칂칬        
remote:     Resolve the following violations before pushing again        
remote: 
remote:     - Push cannot contain secrets        
remote: 
remote:             
remote:      (?) Learn how to resolve a blocked push        
remote:      https://docs.github.com/code-security/secret-scanning/working-with-secret-scanning-and-push-protection/working-with-push-protection-from-the-command-line#resolving-a-blocked-push        
remote:             
remote:             
remote:       풉칂칬풉칂칬 Sendinblue API Key 풉칂칬풉칂칬풉칂칬풉칂칬풉칂칬풉칂칬풉칂칬풉칂칬풉칂칬풉칂칬풉칂칬풉칂칬풉칂칬풉칂칬풉칂칬풉칂칬풉칂칬풉칂칬풉칂칬풉칂칬풉칂칬풉칂칬풉칂칬풉칂칬풉칂칬풉칂칬풉칂칬풉칂칬풉칂칬풉칂칬풉칂칬풉칂칬        
remote:        locations:        
remote:          - commit: 856b0556540a917f71e02bbabe3575b5b9d1581b        
remote:            path: code/backend/.env.example:16        
remote:             
remote:        (?) To push, remove secret from commit(s) or follow this URL to allow the secret.        
remote:        https://github.com/zency1710/studymap/security/secret-scanning/unblock-secret/3Amzcy1YfCjp7pvOP5XzmxFvKyL        
remote:             
remote: 
remote: 
To https://github.com/zency1710/studymap.git
 ! [remote rejected] main -> main (push declined due to repository rule violations)
error: failed to push some refs to 'https://github.com/zency1710/studymap.git'
